  [1m[36m (4.4ms)[0m  [1mCREATE TABLE "schema_migrations" ("version" varchar(255) NOT NULL) [0m
  [1m[35m (2.7ms)[0m  select sqlite_version(*)
  [1m[36m (4.3ms)[0m  [1mCREATE UNIQUE INDEX "unique_schema_migrations" ON "schema_migrations" ("version")[0m
  [1m[35mActiveRecord::SchemaMigration Load (1.8ms)[0m  SELECT "schema_migrations".* FROM "schema_migrations"


Started GET "/" for 192.168.169.1 at 2014-07-26 01:16:16 +0200
Processing by Rails::WelcomeController#index as HTML
  Rendered /usr/local/rvm/gems/ruby-2.1.1/gems/railties-4.1.0/lib/rails/templates/rails/welcome/index.html.erb (5.5ms)
Completed 200 OK in 91ms (Views: 45.9ms | ActiveRecord: 0.0ms)


Started GET "/" for 192.168.169.1 at 2014-07-26 01:16:17 +0200
Processing by Rails::WelcomeController#index as HTML
  Rendered /usr/local/rvm/gems/ruby-2.1.1/gems/railties-4.1.0/lib/rails/templates/rails/welcome/index.html.erb (0.8ms)
Completed 200 OK in 12ms (Views: 8.4ms | ActiveRecord: 0.0ms)


Started GET "/" for 192.168.169.1 at 2014-07-26 01:16:19 +0200
Processing by Rails::WelcomeController#index as HTML
  Rendered /usr/local/rvm/gems/ruby-2.1.1/gems/railties-4.1.0/lib/rails/templates/rails/welcome/index.html.erb (0.5ms)
Completed 200 OK in 8ms (Views: 5.0ms | ActiveRecord: 0.0ms)


Started GET "/" for 192.168.169.1 at 2014-07-26 01:16:24 +0200
Processing by Rails::WelcomeController#index as HTML
  Rendered /usr/local/rvm/gems/ruby-2.1.1/gems/railties-4.1.0/lib/rails/templates/rails/welcome/index.html.erb (0.5ms)
Completed 200 OK in 7ms (Views: 4.2ms | ActiveRecord: 0.0ms)


Started GET "/" for 192.168.169.1 at 2014-07-26 01:16:24 +0200
Processing by Rails::WelcomeController#index as HTML
  Rendered /usr/local/rvm/gems/ruby-2.1.1/gems/railties-4.1.0/lib/rails/templates/rails/welcome/index.html.erb (0.4ms)
Completed 200 OK in 8ms (Views: 4.8ms | ActiveRecord: 0.0ms)


Started GET "/" for 192.168.169.1 at 2014-07-26 01:16:25 +0200
Processing by Rails::WelcomeController#index as HTML
  Rendered /usr/local/rvm/gems/ruby-2.1.1/gems/railties-4.1.0/lib/rails/templates/rails/welcome/index.html.erb (0.4ms)
Completed 200 OK in 5ms (Views: 3.5ms | ActiveRecord: 0.0ms)


Started GET "/" for 192.168.169.1 at 2014-07-26 01:16:25 +0200
Processing by Rails::WelcomeController#index as HTML
  Rendered /usr/local/rvm/gems/ruby-2.1.1/gems/railties-4.1.0/lib/rails/templates/rails/welcome/index.html.erb (0.3ms)
Completed 200 OK in 7ms (Views: 3.9ms | ActiveRecord: 0.0ms)


Started GET "/" for 192.168.169.1 at 2014-07-26 01:16:25 +0200
Processing by Rails::WelcomeController#index as HTML
  Rendered /usr/local/rvm/gems/ruby-2.1.1/gems/railties-4.1.0/lib/rails/templates/rails/welcome/index.html.erb (0.4ms)
Completed 200 OK in 6ms (Views: 3.1ms | ActiveRecord: 0.0ms)


Started GET "/" for 192.168.169.1 at 2014-07-26 01:17:03 +0200
Processing by Rails::WelcomeController#index as HTML
  Rendered /usr/local/rvm/gems/ruby-2.1.1/gems/railties-4.1.0/lib/rails/templates/rails/welcome/index.html.erb (4.9ms)
Completed 200 OK in 35ms (Views: 15.6ms | ActiveRecord: 0.0ms)


Started GET "/" for 192.168.169.1 at 2014-07-26 01:17:04 +0200
Processing by Rails::WelcomeController#index as HTML
  Rendered /usr/local/rvm/gems/ruby-2.1.1/gems/railties-4.1.0/lib/rails/templates/rails/welcome/index.html.erb (0.5ms)
Completed 200 OK in 9ms (Views: 6.9ms | ActiveRecord: 0.0ms)


Started GET "/" for 192.168.169.1 at 2014-07-26 01:17:06 +0200
Processing by Rails::WelcomeController#index as HTML
  Rendered /usr/local/rvm/gems/ruby-2.1.1/gems/railties-4.1.0/lib/rails/templates/rails/welcome/index.html.erb (0.4ms)
Completed 200 OK in 8ms (Views: 5.2ms | ActiveRecord: 0.0ms)


Started GET "/" for 192.168.169.1 at 2014-07-26 01:18:41 +0200
Processing by Rails::WelcomeController#index as HTML
  Rendered /usr/local/rvm/gems/ruby-2.1.1/gems/railties-4.1.0/lib/rails/templates/rails/welcome/index.html.erb (5.0ms)
Completed 200 OK in 34ms (Views: 16.1ms | ActiveRecord: 0.0ms)


Started GET "/" for 192.168.169.1 at 2014-07-26 01:19:19 +0200
Processing by Rails::WelcomeController#index as HTML
  Rendered /usr/local/rvm/gems/ruby-2.1.1/gems/railties-4.1.0/lib/rails/templates/rails/welcome/index.html.erb (0.7ms)
Completed 200 OK in 8ms (Views: 6.8ms | ActiveRecord: 0.0ms)


Started GET "/" for 192.168.169.1 at 2014-07-26 01:19:20 +0200
Processing by Rails::WelcomeController#index as HTML
  Rendered /usr/local/rvm/gems/ruby-2.1.1/gems/railties-4.1.0/lib/rails/templates/rails/welcome/index.html.erb (0.4ms)
Completed 200 OK in 7ms (Views: 5.1ms | ActiveRecord: 0.0ms)


Started GET "/home" for 192.168.169.1 at 2014-07-26 01:19:24 +0200

ActionController::RoutingError (No route matches [GET] "/home"):
  actionpack (4.1.0) lib/action_dispatch/middleware/debug_exceptions.rb:21:in `call'
  actionpack (4.1.0) lib/action_dispatch/middleware/show_exceptions.rb:30:in `call'
  railties (4.1.0) lib/rails/rack/logger.rb:38:in `call_app'
  railties (4.1.0) lib/rails/rack/logger.rb:20:in `block in call'
  activesupport (4.1.0) lib/active_support/tagged_logging.rb:68:in `block in tagged'
  activesupport (4.1.0) lib/active_support/tagged_logging.rb:26:in `tagged'
  activesupport (4.1.0) lib/active_support/tagged_logging.rb:68:in `tagged'
  railties (4.1.0) lib/rails/rack/logger.rb:20:in `call'
  actionpack (4.1.0) lib/action_dispatch/middleware/request_id.rb:21:in `call'
  rack (1.5.2) lib/rack/methodoverride.rb:21:in `call'
  rack (1.5.2) lib/rack/runtime.rb:17:in `call'
  activesupport (4.1.0) lib/active_support/cache/strategy/local_cache_middleware.rb:26:in `call'
  rack (1.5.2) lib/rack/lock.rb:17:in `call'
  actionpack (4.1.0) lib/action_dispatch/middleware/static.rb:64:in `call'
  rack (1.5.2) lib/rack/sendfile.rb:112:in `call'
  railties (4.1.0) lib/rails/engine.rb:514:in `call'
  railties (4.1.0) lib/rails/application.rb:144:in `call'
  rack (1.5.2) lib/rack/lock.rb:17:in `call'
  rack (1.5.2) lib/rack/content_length.rb:14:in `call'
  rack (1.5.2) lib/rack/handler/webrick.rb:60:in `service'
  /usr/local/rvm/rubies/ruby-2.1.1/lib/ruby/2.1.0/webrick/httpserver.rb:138:in `service'
  /usr/local/rvm/rubies/ruby-2.1.1/lib/ruby/2.1.0/webrick/httpserver.rb:94:in `run'
  /usr/local/rvm/rubies/ruby-2.1.1/lib/ruby/2.1.0/webrick/server.rb:295:in `block in start_thread'


  Rendered /usr/local/rvm/gems/ruby-2.1.1/gems/actionpack-4.1.0/lib/action_dispatch/middleware/templates/rescues/_trace.html.erb (5.2ms)
  Rendered /usr/local/rvm/gems/ruby-2.1.1/gems/actionpack-4.1.0/lib/action_dispatch/middleware/templates/routes/_route.html.erb (3.8ms)
  Rendered /usr/local/rvm/gems/ruby-2.1.1/gems/actionpack-4.1.0/lib/action_dispatch/middleware/templates/routes/_table.html.erb (12.7ms)
  Rendered /usr/local/rvm/gems/ruby-2.1.1/gems/actionpack-4.1.0/lib/action_dispatch/middleware/templates/rescues/routing_error.html.erb within rescues/layout (75.2ms)


Started GET "/" for 192.168.169.1 at 2014-07-26 01:20:12 +0200
Processing by HomeController#index as HTML
  Rendered home/index.html.erb within layouts/application (2.2ms)
Completed 200 OK in 1111ms (Views: 1091.5ms | ActiveRecord: 0.0ms)


Started GET "/assets/home.css?body=1" for 192.168.169.1 at 2014-07-26 01:20:14 +0200


Started GET "/assets/application.css?body=1" for 192.168.169.1 at 2014-07-26 01:20:14 +0200


Started GET "/assets/jquery.js?body=1" for 192.168.169.1 at 2014-07-26 01:20:14 +0200


Started GET "/assets/jquery_ujs.js?body=1" for 192.168.169.1 at 2014-07-26 01:20:14 +0200


Started GET "/assets/turbolinks.js?body=1" for 192.168.169.1 at 2014-07-26 01:20:14 +0200


Started GET "/assets/application.js?body=1" for 192.168.169.1 at 2014-07-26 01:20:14 +0200


Started GET "/assets/home.js?body=1" for 192.168.169.1 at 2014-07-26 01:20:14 +0200


Started GET "/" for 192.168.169.1 at 2014-07-26 01:24:26 +0200
Processing by HomeController#index as HTML
  Rendered home/index.html.erb within layouts/application (3.5ms)
Completed 200 OK in 111ms (Views: 91.9ms | ActiveRecord: 0.0ms)


Started GET "/" for 192.168.169.1 at 2014-07-26 01:24:26 +0200
Processing by HomeController#index as HTML
  Rendered home/index.html.erb within layouts/application (0.5ms)
Completed 200 OK in 9ms (Views: 7.6ms | ActiveRecord: 0.0ms)


Started GET "/assets/jquery_ujs.js?body=1" for 192.168.169.1 at 2014-07-26 01:24:27 +0200


Started GET "/assets/home.css?body=1" for 192.168.169.1 at 2014-07-26 01:24:27 +0200


Started GET "/assets/jquery.js?body=1" for 192.168.169.1 at 2014-07-26 01:24:27 +0200


Started GET "/assets/application.css?body=1" for 192.168.169.1 at 2014-07-26 01:24:27 +0200


Started GET "/assets/turbolinks.js?body=1" for 192.168.169.1 at 2014-07-26 01:24:27 +0200


Started GET "/assets/home.js?body=1" for 192.168.169.1 at 2014-07-26 01:24:27 +0200


Started GET "/assets/application.js?body=1" for 192.168.169.1 at 2014-07-26 01:24:27 +0200
